<?xml version="1.0" encoding="UTF-8"?>
<!-- Generated by org.testng.reporters.JUnitXMLReporter -->
<testsuite ignored="5" hostname="Govind-PC" failures="0" tests="0" time="0.016" errors="0" timestamp="2020-04-03T06:39:14 IST">
  <testcase classname="Regression.TestCases" name="TC04" time="0.0">
    <ignored/>
  </testcase> <!-- TC04 -->
  <testcase classname="Regression.TestCases" name="TC03" time="0.0">
    <ignored/>
  </testcase> <!-- TC03 -->
  <testcase classname="Regression.TestCases" name="TC02" time="0.0">
    <ignored/>
  </testcase> <!-- TC02 -->
  <testcase classname="Regression.TestCases" name="TC01" time="0.0">
    <ignored/>
  </testcase> <!-- TC01 -->
  <testcase classname="Regression.TestCases" name="TC05" time="0.0">
    <ignored/>
  </testcase> <!-- TC05 -->
</testsuite>
