<?xml version="1.0" encoding="UTF-8"?>
<testng-results total="4" passed="4" failed="0" skipped="0">
  <reporter-output>
  </reporter-output>
  <suite started-at="2020-03-25T22:43:07Z" name="Default suite" finished-at="2020-03-25T22:44:14Z" duration-ms="67070">
    <groups>
    </groups>
    <test started-at="2020-03-25T22:43:07Z" name="Default test" finished-at="2020-03-25T22:44:14Z" duration-ms="67070">
      <class name="Regression.TestCases">
        <test-method signature="TC01()[pri:0, instance:Regression.TestCases@7a8c8dcf]" started-at="2020-03-26T04:13:07Z" name="TC01" finished-at="2020-03-26T04:13:20Z" duration-ms="13852" status="PASS">
          <reporter-output>
          </reporter-output>
        </test-method> <!-- TC01 -->
        <test-method signature="TC02()[pri:0, instance:Regression.TestCases@7a8c8dcf]" started-at="2020-03-26T04:13:20Z" name="TC02" finished-at="2020-03-26T04:13:41Z" duration-ms="20248" status="PASS">
          <reporter-output>
          </reporter-output>
        </test-method> <!-- TC02 -->
        <test-method signature="TC03()[pri:0, instance:Regression.TestCases@7a8c8dcf]" started-at="2020-03-26T04:13:41Z" name="TC03" finished-at="2020-03-26T04:13:58Z" duration-ms="17539" status="PASS">
          <reporter-output>
          </reporter-output>
        </test-method> <!-- TC03 -->
        <test-method signature="TC04()[pri:0, instance:Regression.TestCases@7a8c8dcf]" started-at="2020-03-26T04:13:58Z" name="TC04" finished-at="2020-03-26T04:14:14Z" duration-ms="15363" status="PASS">
          <reporter-output>
          </reporter-output>
        </test-method> <!-- TC04 -->
      </class> <!-- Regression.TestCases -->
    </test> <!-- Default test -->
  </suite> <!-- Default suite -->
</testng-results>
